<?xml version="1.0" encoding="UTF-8"?>
<!-- Generated by org.testng.reporters.JUnitReportReporter -->
<testsuite hostname="DESKTOP-MUPOVES" failures="0" tests="1" name="com.tmb.tests.DeleteCustomerTestsNew" time="80.003" errors="1" timestamp="2022-09-05T10:53:15 IST" skipped="0">
  <testcase classname="com.tmb.tests.DeleteCustomerTestsNew" name="DeleteNewlyAddedCustomerAndVerifyCustomerIsDeletedTest" time="80.003">
    <error message="Element not found for by locator : By.id: //*[@id=&#039;app&#039;]//div[3]/button[2]" type="com.tmb.exceptions.ElementNotFoundException">
      <![CDATA[com.tmb.exceptions.ElementNotFoundException: Element not found for by locator : By.id: //*[@id='app']//div[3]/button[2]
at com.tmb.factories.ExpliciteWaitFactory.performExplicitWaitForElement(ExpliciteWaitFactory.java:81)
at com.tmb.pages.BasePage.click(BasePage.java:164)
at com.tmb.pages.CustomerHomePageNew.clickOnDeleteCustomerButton(CustomerHomePageNew.java:232)
at com.tmb.tests.DeleteCustomerTestsNew.DeleteNewlyAddedCustomerAndVerifyCustomerIsDeletedTest(DeleteCustomerTestsNew.java:286)
at java.base/jdk.internal.reflect.NativeMethodAccessorImpl.invoke0(Native Method)
at java.base/jdk.internal.reflect.NativeMethodAccessorImpl.invoke(NativeMethodAccessorImpl.java:78)
at java.base/jdk.internal.reflect.DelegatingMethodAccessorImpl.invoke(DelegatingMethodAccessorImpl.java:43)
at java.base/java.lang.reflect.Method.invoke(Method.java:567)
at org.testng.internal.invokers.MethodInvocationHelper.invokeMethod(MethodInvocationHelper.java:135)
at org.testng.internal.invokers.TestInvoker.invokeMethod(TestInvoker.java:673)
at org.testng.internal.invokers.TestInvoker.invokeTestMethod(TestInvoker.java:220)
at org.testng.internal.invokers.MethodRunner.runInSequence(MethodRunner.java:50)
at org.testng.internal.invokers.TestInvoker$MethodInvocationAgent.invoke(TestInvoker.java:945)
at org.testng.internal.invokers.TestInvoker.invokeTestMethods(TestInvoker.java:193)
at org.testng.internal.invokers.TestMethodWorker.invokeTestMethods(TestMethodWorker.java:146)
at org.testng.internal.invokers.TestMethodWorker.run(TestMethodWorker.java:128)
at java.base/java.util.ArrayList.forEach(ArrayList.java:1511)
at org.testng.TestRunner.privateRun(TestRunner.java:808)
at org.testng.TestRunner.run(TestRunner.java:603)
at org.testng.SuiteRunner.runTest(SuiteRunner.java:429)
at org.testng.SuiteRunner.runSequentially(SuiteRunner.java:423)
at org.testng.SuiteRunner.privateRun(SuiteRunner.java:383)
at org.testng.SuiteRunner.run(SuiteRunner.java:326)
at org.testng.SuiteRunnerWorker.runSuite(SuiteRunnerWorker.java:52)
at org.testng.SuiteRunnerWorker.run(SuiteRunnerWorker.java:95)
at org.testng.TestNG.runSuitesSequentially(TestNG.java:1249)
at org.testng.TestNG.runSuitesLocally(TestNG.java:1169)
at org.testng.TestNG.runSuites(TestNG.java:1092)
at org.testng.TestNG.run(TestNG.java:1060)
at org.testng.remote.AbstractRemoteTestNG.run(AbstractRemoteTestNG.java:115)
at org.testng.remote.RemoteTestNG.initAndRun(RemoteTestNG.java:251)
at org.testng.remote.RemoteTestNG.main(RemoteTestNG.java:77)
]]>
    </error>
  </testcase> <!-- DeleteNewlyAddedCustomerAndVerifyCustomerIsDeletedTest -->
  <system-out/>
</testsuite> <!-- com.tmb.tests.DeleteCustomerTestsNew -->
